2019-12-08 20:37:00,595 [_worker] main loop worker ignores exception and continues: 'DateTime_Measured'
2019-12-08 20:39:05,754 [_worker] main loop worker ignores exception and continues: name 'hi' is not defined
2019-12-08 20:39:34,910 [_worker] main loop worker ignores exception and continues: 'DateTime_Measured'
2019-12-08 20:39:45,985 [_worker] main loop worker ignores exception and continues: 'DateTime_Measured'
2019-12-08 20:39:57,104 [_worker] main loop worker ignores exception and continues: 'DateTime_Measured'
2019-12-08 20:40:08,238 [_worker] main loop worker ignores exception and continues: 'DateTime_Measured'
2019-12-08 20:40:19,152 [download_bpa] Retry on HTTP Error: 403 Client Error: Forbidden for url: https://og-production-open-data-bostonma-892364687672.s3.amazonaws.com/resources/f123e65d-dc0e-4c83-9348-ed46fec498c0/tmpke4utrxy.csv?Signature=UAjyK0cDg%2BFiT22SGIeHlr12eQ8%3D&Expires=1575837619&AWSAccessKeyId=AKIAJJIENTAPKHZMIPXQ
2019-12-08 20:40:19,213 [_worker] main loop worker ignores exception and continues: 'DateTime_Measured'
2019-12-08 20:40:29,322 [download_bpa] Retry on HTTP Error: 403 Client Error: Forbidden for url: https://og-production-open-data-bostonma-892364687672.s3.amazonaws.com/resources/f123e65d-dc0e-4c83-9348-ed46fec498c0/tmpke4utrxy.csv?Signature=UAjyK0cDg%2BFiT22SGIeHlr12eQ8%3D&Expires=1575837619&AWSAccessKeyId=AKIAJJIENTAPKHZMIPXQ
2019-12-08 20:40:29,398 [download_bpa] Retry on HTTP Error: 403 Client Error: Forbidden for url: https://og-production-open-data-bostonma-892364687672.s3.amazonaws.com/resources/f123e65d-dc0e-4c83-9348-ed46fec498c0/tmpke4utrxy.csv?Signature=UAjyK0cDg%2BFiT22SGIeHlr12eQ8%3D&Expires=1575837619&AWSAccessKeyId=AKIAJJIENTAPKHZMIPXQ
2019-12-08 20:40:29,471 [download_bpa] Retry on HTTP Error: 403 Client Error: Forbidden for url: https://og-production-open-data-bostonma-892364687672.s3.amazonaws.com/resources/f123e65d-dc0e-4c83-9348-ed46fec498c0/tmpke4utrxy.csv?Signature=UAjyK0cDg%2BFiT22SGIeHlr12eQ8%3D&Expires=1575837619&AWSAccessKeyId=AKIAJJIENTAPKHZMIPXQ
2019-12-08 20:40:29,546 [download_bpa] Retry on HTTP Error: 403 Client Error: Forbidden for url: https://og-production-open-data-bostonma-892364687672.s3.amazonaws.com/resources/f123e65d-dc0e-4c83-9348-ed46fec498c0/tmpke4utrxy.csv?Signature=UAjyK0cDg%2BFiT22SGIeHlr12eQ8%3D&Expires=1575837619&AWSAccessKeyId=AKIAJJIENTAPKHZMIPXQ
2019-12-08 20:40:29,620 [download_bpa] Retry on HTTP Error: 403 Client Error: Forbidden for url: https://og-production-open-data-bostonma-892364687672.s3.amazonaws.com/resources/f123e65d-dc0e-4c83-9348-ed46fec498c0/tmpke4utrxy.csv?Signature=UAjyK0cDg%2BFiT22SGIeHlr12eQ8%3D&Expires=1575837619&AWSAccessKeyId=AKIAJJIENTAPKHZMIPXQ
2019-12-08 20:40:29,621 [download_bpa] download_bpa too many FAILED attempts
2019-12-08 20:40:29,621 [_worker] main loop worker ignores exception and continues: No columns to parse from file
2019-12-08 20:40:39,714 [download_bpa] Retry on HTTP Error: 403 Client Error: Forbidden for url: https://og-production-open-data-bostonma-892364687672.s3.amazonaws.com/resources/f123e65d-dc0e-4c83-9348-ed46fec498c0/tmpke4utrxy.csv?Signature=UAjyK0cDg%2BFiT22SGIeHlr12eQ8%3D&Expires=1575837619&AWSAccessKeyId=AKIAJJIENTAPKHZMIPXQ
2019-12-08 20:40:39,789 [download_bpa] Retry on HTTP Error: 403 Client Error: Forbidden for url: https://og-production-open-data-bostonma-892364687672.s3.amazonaws.com/resources/f123e65d-dc0e-4c83-9348-ed46fec498c0/tmpke4utrxy.csv?Signature=UAjyK0cDg%2BFiT22SGIeHlr12eQ8%3D&Expires=1575837619&AWSAccessKeyId=AKIAJJIENTAPKHZMIPXQ
2019-12-08 20:40:39,864 [download_bpa] Retry on HTTP Error: 403 Client Error: Forbidden for url: https://og-production-open-data-bostonma-892364687672.s3.amazonaws.com/resources/f123e65d-dc0e-4c83-9348-ed46fec498c0/tmpke4utrxy.csv?Signature=UAjyK0cDg%2BFiT22SGIeHlr12eQ8%3D&Expires=1575837619&AWSAccessKeyId=AKIAJJIENTAPKHZMIPXQ
2019-12-08 20:40:39,936 [download_bpa] Retry on HTTP Error: 403 Client Error: Forbidden for url: https://og-production-open-data-bostonma-892364687672.s3.amazonaws.com/resources/f123e65d-dc0e-4c83-9348-ed46fec498c0/tmpke4utrxy.csv?Signature=UAjyK0cDg%2BFiT22SGIeHlr12eQ8%3D&Expires=1575837619&AWSAccessKeyId=AKIAJJIENTAPKHZMIPXQ
2019-12-08 20:40:40,010 [download_bpa] Retry on HTTP Error: 403 Client Error: Forbidden for url: https://og-production-open-data-bostonma-892364687672.s3.amazonaws.com/resources/f123e65d-dc0e-4c83-9348-ed46fec498c0/tmpke4utrxy.csv?Signature=UAjyK0cDg%2BFiT22SGIeHlr12eQ8%3D&Expires=1575837619&AWSAccessKeyId=AKIAJJIENTAPKHZMIPXQ
2019-12-08 20:40:40,011 [download_bpa] download_bpa too many FAILED attempts
2019-12-08 20:40:40,011 [_worker] main loop worker ignores exception and continues: No columns to parse from file
2019-12-08 20:40:50,135 [download_bpa] Retry on HTTP Error: 403 Client Error: Forbidden for url: https://og-production-open-data-bostonma-892364687672.s3.amazonaws.com/resources/f123e65d-dc0e-4c83-9348-ed46fec498c0/tmpke4utrxy.csv?Signature=UAjyK0cDg%2BFiT22SGIeHlr12eQ8%3D&Expires=1575837619&AWSAccessKeyId=AKIAJJIENTAPKHZMIPXQ
2019-12-08 20:40:50,236 [download_bpa] Retry on HTTP Error: 403 Client Error: Forbidden for url: https://og-production-open-data-bostonma-892364687672.s3.amazonaws.com/resources/f123e65d-dc0e-4c83-9348-ed46fec498c0/tmpke4utrxy.csv?Signature=UAjyK0cDg%2BFiT22SGIeHlr12eQ8%3D&Expires=1575837619&AWSAccessKeyId=AKIAJJIENTAPKHZMIPXQ
2019-12-08 20:40:50,312 [download_bpa] Retry on HTTP Error: 403 Client Error: Forbidden for url: https://og-production-open-data-bostonma-892364687672.s3.amazonaws.com/resources/f123e65d-dc0e-4c83-9348-ed46fec498c0/tmpke4utrxy.csv?Signature=UAjyK0cDg%2BFiT22SGIeHlr12eQ8%3D&Expires=1575837619&AWSAccessKeyId=AKIAJJIENTAPKHZMIPXQ
2019-12-08 20:40:50,385 [download_bpa] Retry on HTTP Error: 403 Client Error: Forbidden for url: https://og-production-open-data-bostonma-892364687672.s3.amazonaws.com/resources/f123e65d-dc0e-4c83-9348-ed46fec498c0/tmpke4utrxy.csv?Signature=UAjyK0cDg%2BFiT22SGIeHlr12eQ8%3D&Expires=1575837619&AWSAccessKeyId=AKIAJJIENTAPKHZMIPXQ
2019-12-08 20:40:50,460 [download_bpa] Retry on HTTP Error: 403 Client Error: Forbidden for url: https://og-production-open-data-bostonma-892364687672.s3.amazonaws.com/resources/f123e65d-dc0e-4c83-9348-ed46fec498c0/tmpke4utrxy.csv?Signature=UAjyK0cDg%2BFiT22SGIeHlr12eQ8%3D&Expires=1575837619&AWSAccessKeyId=AKIAJJIENTAPKHZMIPXQ
2019-12-08 20:40:50,460 [download_bpa] download_bpa too many FAILED attempts
2019-12-08 20:40:50,461 [_worker] main loop worker ignores exception and continues: No columns to parse from file
2019-12-08 20:44:30,220 [download_bpa] Retry on HTTP Error: 403 Client Error: Forbidden for url: https://og-production-open-data-bostonma-892364687672.s3.amazonaws.com/resources/f123e65d-dc0e-4c83-9348-ed46fec498c0/tmpke4utrxy.csv?Signature=UAjyK0cDg%2BFiT22SGIeHlr12eQ8%3D&Expires=1575837619&AWSAccessKeyId=AKIAJJIENTAPKHZMIPXQ
2019-12-08 20:44:30,295 [download_bpa] Retry on HTTP Error: 403 Client Error: Forbidden for url: https://og-production-open-data-bostonma-892364687672.s3.amazonaws.com/resources/f123e65d-dc0e-4c83-9348-ed46fec498c0/tmpke4utrxy.csv?Signature=UAjyK0cDg%2BFiT22SGIeHlr12eQ8%3D&Expires=1575837619&AWSAccessKeyId=AKIAJJIENTAPKHZMIPXQ
2019-12-08 20:44:30,371 [download_bpa] Retry on HTTP Error: 403 Client Error: Forbidden for url: https://og-production-open-data-bostonma-892364687672.s3.amazonaws.com/resources/f123e65d-dc0e-4c83-9348-ed46fec498c0/tmpke4utrxy.csv?Signature=UAjyK0cDg%2BFiT22SGIeHlr12eQ8%3D&Expires=1575837619&AWSAccessKeyId=AKIAJJIENTAPKHZMIPXQ
2019-12-08 20:44:30,444 [download_bpa] Retry on HTTP Error: 403 Client Error: Forbidden for url: https://og-production-open-data-bostonma-892364687672.s3.amazonaws.com/resources/f123e65d-dc0e-4c83-9348-ed46fec498c0/tmpke4utrxy.csv?Signature=UAjyK0cDg%2BFiT22SGIeHlr12eQ8%3D&Expires=1575837619&AWSAccessKeyId=AKIAJJIENTAPKHZMIPXQ
2019-12-08 20:44:30,519 [download_bpa] Retry on HTTP Error: 403 Client Error: Forbidden for url: https://og-production-open-data-bostonma-892364687672.s3.amazonaws.com/resources/f123e65d-dc0e-4c83-9348-ed46fec498c0/tmpke4utrxy.csv?Signature=UAjyK0cDg%2BFiT22SGIeHlr12eQ8%3D&Expires=1575837619&AWSAccessKeyId=AKIAJJIENTAPKHZMIPXQ
2019-12-08 20:44:30,519 [download_bpa] download_bpa too many FAILED attempts
2019-12-08 20:47:41,223 [download_bpa] Retry on HTTP Error: 403 Client Error: Forbidden for url: https://og-production-open-data-bostonma-892364687672.s3.amazonaws.com/resources/f123e65d-dc0e-4c83-9348-ed46fec498c0/tmpke4utrxy.csv?Signature=UAjyK0cDg%2BFiT22SGIeHlr12eQ8%3D&Expires=1575837619&AWSAccessKeyId=AKIAJJIENTAPKHZMIPXQ
2019-12-08 20:47:41,295 [download_bpa] Retry on HTTP Error: 403 Client Error: Forbidden for url: https://og-production-open-data-bostonma-892364687672.s3.amazonaws.com/resources/f123e65d-dc0e-4c83-9348-ed46fec498c0/tmpke4utrxy.csv?Signature=UAjyK0cDg%2BFiT22SGIeHlr12eQ8%3D&Expires=1575837619&AWSAccessKeyId=AKIAJJIENTAPKHZMIPXQ
2019-12-08 20:47:41,369 [download_bpa] Retry on HTTP Error: 403 Client Error: Forbidden for url: https://og-production-open-data-bostonma-892364687672.s3.amazonaws.com/resources/f123e65d-dc0e-4c83-9348-ed46fec498c0/tmpke4utrxy.csv?Signature=UAjyK0cDg%2BFiT22SGIeHlr12eQ8%3D&Expires=1575837619&AWSAccessKeyId=AKIAJJIENTAPKHZMIPXQ
2019-12-08 20:47:41,444 [download_bpa] Retry on HTTP Error: 403 Client Error: Forbidden for url: https://og-production-open-data-bostonma-892364687672.s3.amazonaws.com/resources/f123e65d-dc0e-4c83-9348-ed46fec498c0/tmpke4utrxy.csv?Signature=UAjyK0cDg%2BFiT22SGIeHlr12eQ8%3D&Expires=1575837619&AWSAccessKeyId=AKIAJJIENTAPKHZMIPXQ
2019-12-08 20:47:41,516 [download_bpa] Retry on HTTP Error: 403 Client Error: Forbidden for url: https://og-production-open-data-bostonma-892364687672.s3.amazonaws.com/resources/f123e65d-dc0e-4c83-9348-ed46fec498c0/tmpke4utrxy.csv?Signature=UAjyK0cDg%2BFiT22SGIeHlr12eQ8%3D&Expires=1575837619&AWSAccessKeyId=AKIAJJIENTAPKHZMIPXQ
2019-12-08 20:47:41,517 [download_bpa] download_bpa too many FAILED attempts
2019-12-08 21:25:02,399 [download_bpa] Retry on HTTP Error: 403 Client Error: Forbidden for url: https://og-production-open-data-bostonma-892364687672.s3.amazonaws.com/resources/f123e65d-dc0e-4c83-9348-ed46fec498c0/tmpke4utrxy.csv?Signature=UAjyK0cDg%2BFiT22SGIeHlr12eQ8%3D&Expires=1575837619&AWSAccessKeyId=AKIAJJIENTAPKHZMIPXQ
2019-12-08 21:25:02,769 [download_bpa] Retry on HTTP Error: 403 Client Error: Forbidden for url: https://og-production-open-data-bostonma-892364687672.s3.amazonaws.com/resources/f123e65d-dc0e-4c83-9348-ed46fec498c0/tmpke4utrxy.csv?Signature=UAjyK0cDg%2BFiT22SGIeHlr12eQ8%3D&Expires=1575837619&AWSAccessKeyId=AKIAJJIENTAPKHZMIPXQ
2019-12-08 21:25:03,100 [download_bpa] Retry on HTTP Error: 403 Client Error: Forbidden for url: https://og-production-open-data-bostonma-892364687672.s3.amazonaws.com/resources/f123e65d-dc0e-4c83-9348-ed46fec498c0/tmpke4utrxy.csv?Signature=UAjyK0cDg%2BFiT22SGIeHlr12eQ8%3D&Expires=1575837619&AWSAccessKeyId=AKIAJJIENTAPKHZMIPXQ
2019-12-08 21:25:03,449 [download_bpa] Retry on HTTP Error: 403 Client Error: Forbidden for url: https://og-production-open-data-bostonma-892364687672.s3.amazonaws.com/resources/f123e65d-dc0e-4c83-9348-ed46fec498c0/tmpke4utrxy.csv?Signature=UAjyK0cDg%2BFiT22SGIeHlr12eQ8%3D&Expires=1575837619&AWSAccessKeyId=AKIAJJIENTAPKHZMIPXQ
2019-12-08 21:25:03,822 [download_bpa] Retry on HTTP Error: 403 Client Error: Forbidden for url: https://og-production-open-data-bostonma-892364687672.s3.amazonaws.com/resources/f123e65d-dc0e-4c83-9348-ed46fec498c0/tmpke4utrxy.csv?Signature=UAjyK0cDg%2BFiT22SGIeHlr12eQ8%3D&Expires=1575837619&AWSAccessKeyId=AKIAJJIENTAPKHZMIPXQ
2019-12-08 21:25:03,825 [download_bpa] download_bpa too many FAILED attempts
2019-12-08 21:28:25,090 [download_bpa] Retry on HTTP Error: 403 Client Error: Forbidden for url: https://og-production-open-data-bostonma-892364687672.s3.amazonaws.com/resources/f123e65d-dc0e-4c83-9348-ed46fec498c0/tmpke4utrxy.csv?Signature=UAjyK0cDg%2BFiT22SGIeHlr12eQ8%3D&Expires=1575837619&AWSAccessKeyId=AKIAJJIENTAPKHZMIPXQ
2019-12-08 21:28:25,427 [download_bpa] Retry on HTTP Error: 403 Client Error: Forbidden for url: https://og-production-open-data-bostonma-892364687672.s3.amazonaws.com/resources/f123e65d-dc0e-4c83-9348-ed46fec498c0/tmpke4utrxy.csv?Signature=UAjyK0cDg%2BFiT22SGIeHlr12eQ8%3D&Expires=1575837619&AWSAccessKeyId=AKIAJJIENTAPKHZMIPXQ
2019-12-08 21:28:25,790 [download_bpa] Retry on HTTP Error: 403 Client Error: Forbidden for url: https://og-production-open-data-bostonma-892364687672.s3.amazonaws.com/resources/f123e65d-dc0e-4c83-9348-ed46fec498c0/tmpke4utrxy.csv?Signature=UAjyK0cDg%2BFiT22SGIeHlr12eQ8%3D&Expires=1575837619&AWSAccessKeyId=AKIAJJIENTAPKHZMIPXQ
2019-12-08 21:28:26,145 [download_bpa] Retry on HTTP Error: 403 Client Error: Forbidden for url: https://og-production-open-data-bostonma-892364687672.s3.amazonaws.com/resources/f123e65d-dc0e-4c83-9348-ed46fec498c0/tmpke4utrxy.csv?Signature=UAjyK0cDg%2BFiT22SGIeHlr12eQ8%3D&Expires=1575837619&AWSAccessKeyId=AKIAJJIENTAPKHZMIPXQ
2019-12-08 21:28:26,498 [download_bpa] Retry on HTTP Error: 403 Client Error: Forbidden for url: https://og-production-open-data-bostonma-892364687672.s3.amazonaws.com/resources/f123e65d-dc0e-4c83-9348-ed46fec498c0/tmpke4utrxy.csv?Signature=UAjyK0cDg%2BFiT22SGIeHlr12eQ8%3D&Expires=1575837619&AWSAccessKeyId=AKIAJJIENTAPKHZMIPXQ
2019-12-08 21:28:26,499 [download_bpa] download_bpa too many FAILED attempts
2019-12-08 23:23:15,821 [download_bpa] Retry on HTTP Error: 403 Client Error: Forbidden for url: https://og-production-open-data-bostonma-892364687672.s3.amazonaws.com/resources/f123e65d-dc0e-4c83-9348-ed46fec498c0/tmpke4utrxy.csv?Signature=UAjyK0cDg%2BFiT22SGIeHlr12eQ8%3D&Expires=1575837619&AWSAccessKeyId=AKIAJJIENTAPKHZMIPXQ
2019-12-08 23:23:16,169 [download_bpa] Retry on HTTP Error: 403 Client Error: Forbidden for url: https://og-production-open-data-bostonma-892364687672.s3.amazonaws.com/resources/f123e65d-dc0e-4c83-9348-ed46fec498c0/tmpke4utrxy.csv?Signature=UAjyK0cDg%2BFiT22SGIeHlr12eQ8%3D&Expires=1575837619&AWSAccessKeyId=AKIAJJIENTAPKHZMIPXQ
2019-12-08 23:23:16,551 [download_bpa] Retry on HTTP Error: 403 Client Error: Forbidden for url: https://og-production-open-data-bostonma-892364687672.s3.amazonaws.com/resources/f123e65d-dc0e-4c83-9348-ed46fec498c0/tmpke4utrxy.csv?Signature=UAjyK0cDg%2BFiT22SGIeHlr12eQ8%3D&Expires=1575837619&AWSAccessKeyId=AKIAJJIENTAPKHZMIPXQ
2019-12-08 23:23:16,922 [download_bpa] Retry on HTTP Error: 403 Client Error: Forbidden for url: https://og-production-open-data-bostonma-892364687672.s3.amazonaws.com/resources/f123e65d-dc0e-4c83-9348-ed46fec498c0/tmpke4utrxy.csv?Signature=UAjyK0cDg%2BFiT22SGIeHlr12eQ8%3D&Expires=1575837619&AWSAccessKeyId=AKIAJJIENTAPKHZMIPXQ
2019-12-08 23:23:17,209 [download_bpa] Retry on HTTP Error: 403 Client Error: Forbidden for url: https://og-production-open-data-bostonma-892364687672.s3.amazonaws.com/resources/f123e65d-dc0e-4c83-9348-ed46fec498c0/tmpke4utrxy.csv?Signature=UAjyK0cDg%2BFiT22SGIeHlr12eQ8%3D&Expires=1575837619&AWSAccessKeyId=AKIAJJIENTAPKHZMIPXQ
2019-12-08 23:23:17,210 [download_bpa] download_bpa too many FAILED attempts
2019-12-12 19:24:44,694 [_worker] main loop worker ignores exception and continues: HTTPSConnectionPool(host='data.boston.gov', port=443): Max retries exceeded with url: /dataset/1b894599-21ff-478f-937d-653954977951/resource/f123e65d-dc0e-4c83-9348-ed46fec498c0/download/tmpm6_yf0qo.csv (Caused by NewConnectionError('<urllib3.connection.VerifiedHTTPSConnection object at 0x7f0f19f6f510>: Failed to establish a new connection: [Errno -2] Name or service not known'))
2019-12-12 20:41:10,085 [_worker] main loop worker ignores exception and continues: HTTPSConnectionPool(host='data.boston.gov', port=443): Read timed out. (read timeout=0.5)
2019-12-17 00:06:39,729 [_worker] main loop worker ignores exception and continues: HTTPSConnectionPool(host='data.boston.gov', port=443): Max retries exceeded with url: /dataset/1b894599-21ff-478f-937d-653954977951/resource/f123e65d-dc0e-4c83-9348-ed46fec498c0/download/tmpm6_yf0qo.csv (Caused by NewConnectionError('<urllib3.connection.VerifiedHTTPSConnection object at 0x7f202e751d10>: Failed to establish a new connection: [Errno -2] Name or service not known'))
